<?xml version="1.0" encoding="UTF-8"?>
<!-- Generated by org.testng.reporters.JUnitReportReporter -->
<testsuite hostname="amitkambli" failures="0" tests="4" name="Reports.DemoParallelTest" time="23.874" errors="0" timestamp="2024-05-22T15:51:37 IST" skipped="0">
  <testcase classname="Reports.DemoParallelTest" name="failTest" time="6.933"/>
  <testcase classname="Reports.DemoParallelTest" name="passTest2" time="3.490"/>
  <testcase classname="Reports.DemoParallelTest" name="skipTest" time="5.790"/>
  <testcase classname="Reports.DemoParallelTest" name="passTest1" time="7.661"/>
</testsuite> <!-- Reports.DemoParallelTest -->
